commit fff83981e98b3f5c096330f888cbca9799d4
Author: fuweilin <fuweilin@hotmail.com>
Date:   Fri Aug 4 15:17:27 2017 +0800

    【功能1】为了测试人员跑性能工具，验证性能将插件打入安装包。 后续版本去掉。

commit 3189703b9bbd86a7f800300174cf92849ca7b81
Author: fbc <fbc@hotmail.com>
Date:   Fri Aug 4 14:09:46 2017 +0800

    【功能1】前端资源更新

commit 72d4bd224076f0b219f4fc8da301c719b31e6f
Author: zbc <z@abc.com>
Date:   Fri Aug 4 10:08:18 2017 +0800

    【功能1】bugid:293918 不登陆时也可以弹出功能1窗口

commit 5f92caed537a3122544327530c08ecf36de166b
Author: fbc <fbc@hotmail.com>
Date:   Thu Aug 3 14:52:37 2017 +0800

    【功能1】适配正式外网环境 docer api 的url修改为https

commit c0ed3dd5355b89fe77067f115776ad6fb393c4
Author: fbc <fbc@hotmail.com>
Date:   Thu Aug 3 12:12:51 2017 +0800

    【功能1】去掉对kso_sendMail的调用。

commit 85bd91550bfd1144301456e666c575f21b759e
Author: zbc <z@abc.com>
Date:   Thu Aug 3 11:11:44 2017 +0800

    【功能1】向服务端请求用户的身份。

commit 62699a505cc181fe4d1465972e01fba5445058
Author: fbc <fbc@hotmail.com>
Date:   Wed Aug 2 19:51:22 2017 +0800

    【功能1】前端资源更新，图片资源压缩。


commit 3dc6304178c9929e916f7273242c1f24a64937
Author: zbc <z@abc.com>
Date:   Wed Aug 2 16:56:54 2017 +0800

    用户选择尝试新版之后才去掉新建菜单项的快捷键。

commit df24d34cbbea7ce2883a7400c44438eda3378cf
Author: fbc <fbc@hotmail.com>
Date:   Wed Aug 2 16:31:14 2017 +0800

    【功能1】使用Kso中的发送邮件功能来发送邮件 影响：功能1窗口 邮件发送


